MIF/HEX Update report for finalProject
Tue Nov 27 20:29:02 2018
Quartus Prime Version 18.0.0 Build 614 04/24/2018 SJ Standard Edition


---------------------
; Table of Contents ;
---------------------
  1. Legal Notice
  2. MIF/HEX Update Summary
  3. MIF/HEX Update Processed Files
  4. MIF/HEX Update Messages



----------------
; Legal Notice ;
----------------
Copyright (C) 2018  Intel Corporation. All rights reserved.
Your use of Intel Corporation's design tools, logic functions 
and other software and tools, and its AMPP partner logic 
functions, and any output files from any of the foregoing 
(including device programming or simulation files), and any 
associated documentation or information are expressly subject 
to the terms and conditions of the Intel Program License 
Subscription Agreement, the Intel Quartus Prime License Agreement,
the Intel FPGA IP License Agreement, or other applicable license
agreement, including, without limitation, that your use is for
the sole purpose of programming logic devices manufactured by
Intel and sold by Intel or its authorized distributors.  Please
refer to the applicable agreement for further details.



+---------------------------------------------------------------+
; MIF/HEX Update Summary                                        ;
+-----------------------+---------------------------------------+
; MIF/HEX Update Status ; Successful - Tue Nov 27 20:29:02 2018 ;
; Revision Name         ; finalProject                          ;
; Top-level Entity Name ; finalProject                          ;
; Family                ; Cyclone V                             ;
; Device                ; 5CSEMA5F31C6                          ;
+-----------------------+---------------------------------------+


+---------------------------------------------------+
; MIF/HEX Update Processed Files                    ;
+---------------------------------------------------+
; File Name                                         ;
+---------------------------------------------------+
; W:/ECE241/Project-rev3/Project/ballSprite.mif     ;
; W:/ECE241/Project-rev3/Project/startscreen.mif    ;
; W:/ECE241/Project-rev3/Project/touchcricketLQ.mif ;
+---------------------------------------------------+


+-------------------------+
; MIF/HEX Update Messages ;
+-------------------------+
Info: *******************************************************************
Info: Running Quartus Prime MIF/HEX Update
    Info: Version 18.0.0 Build 614 04/24/2018 SJ Standard Edition
    Info: Processing started: Tue Nov 27 20:28:18 2018
Info: Command: quartus_cdb finalProject -c finalProject --update_mif
Warning (18236): Number of processors has not been specified which may cause overloading on shared machines.  Set the global assignment NUM_PARALLEL_PROCESSORS in your QSF to an appropriate value for best performance.
Warning (113018): Width of data items in "startscreen.mif" is greater than the memory width. Truncating data items to fit in memory. File: W:/ECE241/Project-rev3/Project/startscreen.mif Line: 5
Warning (113018): Width of data items in "touchcricketLQ.mif" is greater than the memory width. Truncating data items to fit in memory. File: W:/ECE241/Project-rev3/Project/touchcricketLQ.mif Line: 23
Warning (113018): Width of data items in "ballSprite.mif" is greater than the memory width. Truncating data items to fit in memory. File: W:/ECE241/Project-rev3/Project/ballSprite.mif Line: 23
Info (39024): Processed the following Memory Initialization File(s)
    Info (39025): Processed Memory Initialization File W:/ECE241/Project-rev3/Project/ballSprite.mif File: W:/ECE241/Project-rev3/Project/ballSprite.mif Line: 0
    Info (39025): Processed Memory Initialization File W:/ECE241/Project-rev3/Project/startscreen.mif File: W:/ECE241/Project-rev3/Project/startscreen.mif Line: 0
    Info (39025): Processed Memory Initialization File W:/ECE241/Project-rev3/Project/touchcricketLQ.mif File: W:/ECE241/Project-rev3/Project/touchcricketLQ.mif Line: 0
Info: Quartus Prime MIF/HEX Update was successful. 0 errors, 4 warnings
    Info: Peak virtual memory: 818 megabytes
    Info: Processing ended: Tue Nov 27 20:29:02 2018
    Info: Elapsed time: 00:00:44
    Info: Total CPU time (on all processors): 00:00:14


